<html>
<head>
<title>TestNG:  Test</title>
<link href="../testng.css" rel="stylesheet" type="text/css" />
<link href="../my-testng.css" rel="stylesheet" type="text/css" />

<style type="text/css">
.log { display: none;} 
.stack-trace { display: none;} 
</style>
<script type="text/javascript">
<!--
function flip(e) {
  current = e.style.display;
  if (current == 'block') {
    e.style.display = 'none';
    return 0;
  }
  else {
    e.style.display = 'block';
    return 1;
  }
}

function toggleBox(szDivId, elem, msg1, msg2)
{
  var res = -1;  if (document.getElementById) {
    res = flip(document.getElementById(szDivId));
  }
  else if (document.all) {
    // this is the way old msie versions work
    res = flip(document.all[szDivId]);
  }
  if(elem) {
    if(res == 0) elem.innerHTML = msg1; else elem.innerHTML = msg2;
  }

}

function toggleAllBoxes() {
  if (document.getElementsByTagName) {
    d = document.getElementsByTagName('div');
    for (i = 0; i < d.length; i++) {
      if (d[i].className == 'log') {
        flip(d[i]);
      }
    }
  }
}

// -->
</script>

</head>
<body>
<h2 align='center'>Test</h2><table border='1' align="center">
<tr>
<td>Tests passed/Failed/Skipped:</td><td>2/2/0</td>
</tr><tr>
<td>Started on:</td><td>Fri Jan 19 21:48:59 IST 2024</td>
</tr>
<tr><td>Total time:</td><td>228 seconds (228643 ms)</td>
</tr><tr>
<td>Included groups:</td><td></td>
</tr><tr>
<td>Excluded groups:</td><td></td>
</tr>
</table><p/>
<small><i>(Hover the method name to see the test class name)</i></small><p/>
<table width='100%' border='1' class='invocation-failed'>
<tr><td colspan='4' align='center'><b>FAILED TESTS</b></td></tr>
<tr><td><b>Test method</b></td>
<td width="30%"><b>Exception</b></td>
<td width="10%"><b>Time (seconds)</b></td>
<td><b>Instance</b></td>
</tr>
<tr>
<td title='com.orangeHRM.runner.RunCucumberTest.runScenario()'><b>runScenario</b><br>Test class: com.orangeHRM.runner.RunCucumberTest<br>Test method: Runs Cucumber Scenarios<br>Parameters: "124578|Test dashboard widget", "Test me"</td>
<td><div><pre>org.openqa.selenium.ElementClickInterceptedException: element click intercepted: Element &lt;p class=&quot;oxd-text oxd-text--p&quot; data-v-7b563373=&quot;&quot; data-v-267ef1b2=&quot;&quot;&gt;...&lt;/p&gt; is not clickable at point (871, 8). Other element would receive the click: &lt;div class=&quot;oxd-topbar-header-title&quot; data-v-f0c5131f=&quot;&quot;&gt;...&lt;/div&gt;
  (Session info: chrome=120.0.6099.131)
Build info: version: &apos;4.12.0&apos;, revision: &apos;249f2a7d1b*&apos;
System info: os.name: &apos;Windows 10&apos;, os.arch: &apos;amd64&apos;, os.version: &apos;10.0&apos;, java.version: &apos;11.0.16.1&apos;
Driver info: org.openqa.selenium.chrome.ChromeDriver
Command: [e5d63fbec5a0440d3231d9fc46e4232a, clickElement {id=E917198AEDBF3972BB8F26678F3EAD87_element_36}]
Capabilities {acceptInsecureCerts: false, browserName: chrome, browserVersion: 120.0.6099.131, chrome: {chromedriverVersion: 120.0.6099.109 (3419140ab66..., userDataDir: C:\Users\ADMIN\AppData\Loca...}, fedcm:accounts: true, goog:chromeOptions: {debuggerAddress: localhost:55946}, networkConnectionEnabled: false, pageLoadStrategy: normal, platformName: windows, proxy: Proxy(), se:cdp: ws://localhost:55946/devtoo..., se:cdpVersion: 120.0.6099.131, setWindowRect: true, strictFileInteractability: false, timeouts: {implicit: 0, pageLoad: 300000, script: 30000}, unhandledPromptBehavior: dismiss and notify, webauthn:extension:credBlob: true, webauthn:extension:largeBlob: true, webauthn:extension:minPinLength: true, webauthn:extension:prf: true, webauthn:virtualAuthenticators: true}
Element: [[[[ChromeDriver: chrome on windows (e5d63fbec5a0440d3231d9fc46e4232a)] -&gt; xpath: //*[normalize-space()=&apos;My Actions&apos;]/ancestor::div[@class=&apos;oxd-grid-item oxd-grid-item--gutters orangehrm-dashboard-widget&apos;]//div[@class=&apos;oxd-sheet oxd-sheet--rounded oxd-sheet--white orangehrm-dashboard-widget&apos;]]] -&gt; xpath: .//p]
Session ID: e5d63fbec5a0440d3231d9fc46e4232a
	at org.openqa.selenium.remote.codec.w3c.W3CHttpResponseCodec.createException(W3CHttpResponseCodec.java:200)
	at org.openqa.selenium.remote.codec.w3c.W3CHttpResponseCodec.decode(W3CHttpResponseCodec.java:133)
	at org.openqa.selenium.remote.codec.w3c.W3CHttpResponseCodec.decode(W3CHttpResponseCodec.java:52)
	at org.openqa.selenium.remote.HttpCommandExecutor.execute(HttpCommandExecutor.java:191)
	at org.openqa.selenium.remote.service.DriverCommandExecutor.invokeExecute(DriverCommandExecutor.java:196)
	at org.openqa.selenium.remote.service.DriverCommandExecutor.execute(DriverCommandExecutor.java:171)
	at org.openqa.selenium.remote.RemoteWebDriver.execute(RemoteWebDriver.java:602)
	at org.openqa.selenium.remote.RemoteWebElement.execute(RemoteWebElement.java:224)
	at org.openqa.selenium.remote.RemoteWebElement.click(RemoteWebElement.java:77)
	at com.orangeHRM.stepdefs.HomeOfficeSteps.user_selects_link_with_index_in_dashboard_widget(HomeOfficeSteps.java:29)
	at ?.user selects link with index &quot;1&quot; in dashboard widget &quot;DashboardPage.widgetMyActions&quot;(file:///G:/Cucumber_Framework/OrangeHRMProject/src/test/resources/FA_Regression_Suite/OrangeHRM/FA_Dashboard/Test.feature:46)
... Removed 4 stack frames</pre></div><a href='#' onClick='toggleBox("stack-trace956845610", this, "Click to show all stack frames", "Click to hide stack frames")'>Click to show all stack frames</a>
<div class='stack-trace' id='stack-trace956845610'><pre>org.openqa.selenium.ElementClickInterceptedException: element click intercepted: Element &lt;p class=&quot;oxd-text oxd-text--p&quot; data-v-7b563373=&quot;&quot; data-v-267ef1b2=&quot;&quot;&gt;...&lt;/p&gt; is not clickable at point (871, 8). Other element would receive the click: &lt;div class=&quot;oxd-topbar-header-title&quot; data-v-f0c5131f=&quot;&quot;&gt;...&lt;/div&gt;
  (Session info: chrome=120.0.6099.131)
Build info: version: &apos;4.12.0&apos;, revision: &apos;249f2a7d1b*&apos;
System info: os.name: &apos;Windows 10&apos;, os.arch: &apos;amd64&apos;, os.version: &apos;10.0&apos;, java.version: &apos;11.0.16.1&apos;
Driver info: org.openqa.selenium.chrome.ChromeDriver
Command: [e5d63fbec5a0440d3231d9fc46e4232a, clickElement {id=E917198AEDBF3972BB8F26678F3EAD87_element_36}]
Capabilities {acceptInsecureCerts: false, browserName: chrome, browserVersion: 120.0.6099.131, chrome: {chromedriverVersion: 120.0.6099.109 (3419140ab66..., userDataDir: C:\Users\ADMIN\AppData\Loca...}, fedcm:accounts: true, goog:chromeOptions: {debuggerAddress: localhost:55946}, networkConnectionEnabled: false, pageLoadStrategy: normal, platformName: windows, proxy: Proxy(), se:cdp: ws://localhost:55946/devtoo..., se:cdpVersion: 120.0.6099.131, setWindowRect: true, strictFileInteractability: false, timeouts: {implicit: 0, pageLoad: 300000, script: 30000}, unhandledPromptBehavior: dismiss and notify, webauthn:extension:credBlob: true, webauthn:extension:largeBlob: true, webauthn:extension:minPinLength: true, webauthn:extension:prf: true, webauthn:virtualAuthenticators: true}
Element: [[[[ChromeDriver: chrome on windows (e5d63fbec5a0440d3231d9fc46e4232a)] -&gt; xpath: //*[normalize-space()=&apos;My Actions&apos;]/ancestor::div[@class=&apos;oxd-grid-item oxd-grid-item--gutters orangehrm-dashboard-widget&apos;]//div[@class=&apos;oxd-sheet oxd-sheet--rounded oxd-sheet--white orangehrm-dashboard-widget&apos;]]] -&gt; xpath: .//p]
Session ID: e5d63fbec5a0440d3231d9fc46e4232a
	at java.base/jdk.internal.reflect.NativeConstructorAccessorImpl.newInstance0(Native Method)
	at java.base/jdk.internal.reflect.NativeConstructorAccessorImpl.newInstance(NativeConstructorAccessorImpl.java:62)
	at java.base/jdk.internal.reflect.DelegatingConstructorAccessorImpl.newInstance(DelegatingConstructorAccessorImpl.java:45)
	at java.base/java.lang.reflect.Constructor.newInstance(Constructor.java:490)
	at org.openqa.selenium.remote.codec.w3c.W3CHttpResponseCodec.createException(W3CHttpResponseCodec.java:200)
	at org.openqa.selenium.remote.codec.w3c.W3CHttpResponseCodec.decode(W3CHttpResponseCodec.java:133)
	at org.openqa.selenium.remote.codec.w3c.W3CHttpResponseCodec.decode(W3CHttpResponseCodec.java:52)
	at org.openqa.selenium.remote.HttpCommandExecutor.execute(HttpCommandExecutor.java:191)
	at org.openqa.selenium.remote.service.DriverCommandExecutor.invokeExecute(DriverCommandExecutor.java:196)
	at org.openqa.selenium.remote.service.DriverCommandExecutor.execute(DriverCommandExecutor.java:171)
	at org.openqa.selenium.remote.RemoteWebDriver.execute(RemoteWebDriver.java:602)
	at org.openqa.selenium.remote.RemoteWebElement.execute(RemoteWebElement.java:224)
	at org.openqa.selenium.remote.RemoteWebElement.click(RemoteWebElement.java:77)
	at com.orangeHRM.stepdefs.HomeOfficeSteps.user_selects_link_with_index_in_dashboard_widget(HomeOfficeSteps.java:29)
	at ?.user selects link with index &quot;1&quot; in dashboard widget &quot;DashboardPage.widgetMyActions&quot;(file:///G:/Cucumber_Framework/OrangeHRMProject/src/test/resources/FA_Regression_Suite/OrangeHRM/FA_Dashboard/Test.feature:46)
</pre></div></td>
<td>80</td>
<td>com.orangeHRM.runner.RunCucumberTest@740fb309</td></tr>
<tr>
<td title='com.orangeHRM.runner.RunCucumberTest.runScenario()'><b>runScenario</b><br>Test class: com.orangeHRM.runner.RunCucumberTest<br>Test method: Runs Cucumber Scenarios<br>Parameters: "124578789456|Test table methods", "Test me"</td>
<td><div><pre>org.openqa.selenium.ElementClickInterceptedException: element click intercepted: Element &lt;button type=&quot;button&quot; class=&quot;oxd-button oxd-button--medium oxd-button--text oxd-table-cell-action-space&quot; data-v-10d463b7=&quot;&quot; data-v-c423d1fa=&quot;&quot;&gt;...&lt;/button&gt; is not clickable at point (1290, 113). Other element would receive the click: &lt;div class=&quot;oxd-topbar-body&quot; data-v-f0c5131f=&quot;&quot;&gt;...&lt;/div&gt;
  (Session info: chrome=120.0.6099.131)
Build info: version: &apos;4.12.0&apos;, revision: &apos;249f2a7d1b*&apos;
System info: os.name: &apos;Windows 10&apos;, os.arch: &apos;amd64&apos;, os.version: &apos;10.0&apos;, java.version: &apos;11.0.16.1&apos;
Driver info: org.openqa.selenium.chrome.ChromeDriver
Command: [9afd39d3fb2e7aaef18171ee55be984b, clickElement {id=3BF15DB3C1E1A48E7EEB23E0449109CE_element_112}]
Capabilities {acceptInsecureCerts: false, browserName: chrome, browserVersion: 120.0.6099.131, chrome: {chromedriverVersion: 120.0.6099.109 (3419140ab66..., userDataDir: C:\Users\ADMIN\AppData\Loca...}, fedcm:accounts: true, goog:chromeOptions: {debuggerAddress: localhost:56055}, networkConnectionEnabled: false, pageLoadStrategy: normal, platformName: windows, proxy: Proxy(), se:cdp: ws://localhost:56055/devtoo..., se:cdpVersion: 120.0.6099.131, setWindowRect: true, strictFileInteractability: false, timeouts: {implicit: 0, pageLoad: 300000, script: 30000}, unhandledPromptBehavior: dismiss and notify, webauthn:extension:credBlob: true, webauthn:extension:largeBlob: true, webauthn:extension:minPinLength: true, webauthn:extension:prf: true, webauthn:virtualAuthenticators: true}
Element: [[[[ChromeDriver: chrome on windows (9afd39d3fb2e7aaef18171ee55be984b)] -&gt; xpath: //div[@role=&apos;table&apos;]]] -&gt; xpath: //div[text()=&apos;Charlie  Carter&apos;]//parent::div//parent::div[@role=&apos;row&apos;]//div//button]
Session ID: 9afd39d3fb2e7aaef18171ee55be984b
	at org.openqa.selenium.remote.codec.w3c.W3CHttpResponseCodec.createException(W3CHttpResponseCodec.java:200)
	at org.openqa.selenium.remote.codec.w3c.W3CHttpResponseCodec.decode(W3CHttpResponseCodec.java:133)
	at org.openqa.selenium.remote.codec.w3c.W3CHttpResponseCodec.decode(W3CHttpResponseCodec.java:52)
	at org.openqa.selenium.remote.HttpCommandExecutor.execute(HttpCommandExecutor.java:191)
	at org.openqa.selenium.remote.service.DriverCommandExecutor.invokeExecute(DriverCommandExecutor.java:196)
	at org.openqa.selenium.remote.service.DriverCommandExecutor.execute(DriverCommandExecutor.java:171)
	at org.openqa.selenium.remote.RemoteWebDriver.execute(RemoteWebDriver.java:602)
	at org.openqa.selenium.remote.RemoteWebElement.execute(RemoteWebElement.java:224)
	at org.openqa.selenium.remote.RemoteWebElement.click(RemoteWebElement.java:77)
	at com.orangeHRM.stepdefs.OrangeTableSteps.user_clicks_on_link_coresponding_to_text_in_table(OrangeTableSteps.java:109)
	at ?.user clicks on link &quot; View &quot; corresponding to text &quot;Charlie  Carter&quot; in table &quot;TimePage.tableTimesheetsPendingAction&quot;(file:///G:/Cucumber_Framework/OrangeHRMProject/src/test/resources/FA_Regression_Suite/OrangeHRM/FA_Dashboard/Test.feature:64)
... Removed 4 stack frames</pre></div><a href='#' onClick='toggleBox("stack-trace1593762409", this, "Click to show all stack frames", "Click to hide stack frames")'>Click to show all stack frames</a>
<div class='stack-trace' id='stack-trace1593762409'><pre>org.openqa.selenium.ElementClickInterceptedException: element click intercepted: Element &lt;button type=&quot;button&quot; class=&quot;oxd-button oxd-button--medium oxd-button--text oxd-table-cell-action-space&quot; data-v-10d463b7=&quot;&quot; data-v-c423d1fa=&quot;&quot;&gt;...&lt;/button&gt; is not clickable at point (1290, 113). Other element would receive the click: &lt;div class=&quot;oxd-topbar-body&quot; data-v-f0c5131f=&quot;&quot;&gt;...&lt;/div&gt;
  (Session info: chrome=120.0.6099.131)
Build info: version: &apos;4.12.0&apos;, revision: &apos;249f2a7d1b*&apos;
System info: os.name: &apos;Windows 10&apos;, os.arch: &apos;amd64&apos;, os.version: &apos;10.0&apos;, java.version: &apos;11.0.16.1&apos;
Driver info: org.openqa.selenium.chrome.ChromeDriver
Command: [9afd39d3fb2e7aaef18171ee55be984b, clickElement {id=3BF15DB3C1E1A48E7EEB23E0449109CE_element_112}]
Capabilities {acceptInsecureCerts: false, browserName: chrome, browserVersion: 120.0.6099.131, chrome: {chromedriverVersion: 120.0.6099.109 (3419140ab66..., userDataDir: C:\Users\ADMIN\AppData\Loca...}, fedcm:accounts: true, goog:chromeOptions: {debuggerAddress: localhost:56055}, networkConnectionEnabled: false, pageLoadStrategy: normal, platformName: windows, proxy: Proxy(), se:cdp: ws://localhost:56055/devtoo..., se:cdpVersion: 120.0.6099.131, setWindowRect: true, strictFileInteractability: false, timeouts: {implicit: 0, pageLoad: 300000, script: 30000}, unhandledPromptBehavior: dismiss and notify, webauthn:extension:credBlob: true, webauthn:extension:largeBlob: true, webauthn:extension:minPinLength: true, webauthn:extension:prf: true, webauthn:virtualAuthenticators: true}
Element: [[[[ChromeDriver: chrome on windows (9afd39d3fb2e7aaef18171ee55be984b)] -&gt; xpath: //div[@role=&apos;table&apos;]]] -&gt; xpath: //div[text()=&apos;Charlie  Carter&apos;]//parent::div//parent::div[@role=&apos;row&apos;]//div//button]
Session ID: 9afd39d3fb2e7aaef18171ee55be984b
	at java.base/jdk.internal.reflect.NativeConstructorAccessorImpl.newInstance0(Native Method)
	at java.base/jdk.internal.reflect.NativeConstructorAccessorImpl.newInstance(NativeConstructorAccessorImpl.java:62)
	at java.base/jdk.internal.reflect.DelegatingConstructorAccessorImpl.newInstance(DelegatingConstructorAccessorImpl.java:45)
	at java.base/java.lang.reflect.Constructor.newInstance(Constructor.java:490)
	at org.openqa.selenium.remote.codec.w3c.W3CHttpResponseCodec.createException(W3CHttpResponseCodec.java:200)
	at org.openqa.selenium.remote.codec.w3c.W3CHttpResponseCodec.decode(W3CHttpResponseCodec.java:133)
	at org.openqa.selenium.remote.codec.w3c.W3CHttpResponseCodec.decode(W3CHttpResponseCodec.java:52)
	at org.openqa.selenium.remote.HttpCommandExecutor.execute(HttpCommandExecutor.java:191)
	at org.openqa.selenium.remote.service.DriverCommandExecutor.invokeExecute(DriverCommandExecutor.java:196)
	at org.openqa.selenium.remote.service.DriverCommandExecutor.execute(DriverCommandExecutor.java:171)
	at org.openqa.selenium.remote.RemoteWebDriver.execute(RemoteWebDriver.java:602)
	at org.openqa.selenium.remote.RemoteWebElement.execute(RemoteWebElement.java:224)
	at org.openqa.selenium.remote.RemoteWebElement.click(RemoteWebElement.java:77)
	at com.orangeHRM.stepdefs.OrangeTableSteps.user_clicks_on_link_coresponding_to_text_in_table(OrangeTableSteps.java:109)
	at ?.user clicks on link &quot; View &quot; corresponding to text &quot;Charlie  Carter&quot; in table &quot;TimePage.tableTimesheetsPendingAction&quot;(file:///G:/Cucumber_Framework/OrangeHRMProject/src/test/resources/FA_Regression_Suite/OrangeHRM/FA_Dashboard/Test.feature:64)
</pre></div></td>
<td>145</td>
<td>com.orangeHRM.runner.RunCucumberTest@740fb309</td></tr>
</table><p>
<table width='100%' border='1' class='invocation-passed'>
<tr><td colspan='4' align='center'><b>PASSED TESTS</b></td></tr>
<tr><td><b>Test method</b></td>
<td width="30%"><b>Exception</b></td>
<td width="10%"><b>Time (seconds)</b></td>
<td><b>Instance</b></td>
</tr>
<tr>
<td title='com.orangeHRM.runner.RunCucumberTest.runScenario()'><b>runScenario</b><br>Test class: com.orangeHRM.runner.RunCucumberTest<br>Test method: Runs Cucumber Scenarios<br>Parameters: "123456|Test", "Test me"</td>
<td></td>
<td>121</td>
<td>com.orangeHRM.runner.RunCucumberTest@740fb309</td></tr>
<tr>
<td title='com.orangeHRM.runner.RunCucumberTest.runScenario()'><b>runScenario</b><br>Test class: com.orangeHRM.runner.RunCucumberTest<br>Test method: Runs Cucumber Scenarios<br>Parameters: "125689|Test report steps", "Test me"</td>
<td></td>
<td>214</td>
<td>com.orangeHRM.runner.RunCucumberTest@740fb309</td></tr>
</table><p>
</body>
</html>