<!DOCTYPE html PUBLIC "-//W3C//DTD XHTML 1.1//EN" "https://www.w3.org/TR/xhtml11/DTD/xhtml11.dtd">
<html xmlns="https://www.w3.org/1999/xhtml">
<head>
<meta http-equiv="content-type" content="text/html; charset=UTF-8"/>
<title>TestNG Report</title>
<style type="text/css">table {margin-bottom:10px;border-collapse:collapse;empty-cells:show}th,td {border:1px solid #009;padding:.25em .5em}th {vertical-align:bottom}td {vertical-align:top}table a {font-weight:bold}.stripe td {background-color: #E6EBF9}.num {text-align:right}.passedodd td {background-color: #3F3}.passedeven td {background-color: #0A0}.skippedodd td {background-color: #DDD}.skippedeven td {background-color: #CCC}.failedodd td,.attn {background-color: #F33}.failedeven td,.stripe .attn {background-color: #D00}.stacktrace {white-space:pre;font-family:monospace}.totop {font-size:85%;text-align:center;border-bottom:2px solid #000}.invisible {display:none}</style>
</head>
<body>
<table>
<tr><th>Test</th><th># Passed</th><th># Skipped</th><th># Retried</th><th># Failed</th><th>Time (ms)</th><th>Included Groups</th><th>Excluded Groups</th></tr>
<tr><th colspan="8">Suite</th></tr>
<tr><td><a href="#t0">Test</a></td><td class="num">2</td><td class="num">0</td><td class="num">0</td><td class="num attn">2</td><td class="num">228,643</td><td></td><td></td></tr>
</table>
<table id='summary'><thead><tr><th>Class</th><th>Method</th><th>Start</th><th>Time (ms)</th></tr></thead><tbody><tr><th colspan="4">Suite</th></tr></tbody><tbody id="t0"><tr><th colspan="4">Test &#8212; failed</th></tr><tr class="failedeven"><td rowspan="2">com.orangeHRM.runner.RunCucumberTest</td><td><a href="#m0">runScenario</a></td><td rowspan="2">1705681141211</td><td rowspan="2">80123</td></tr><tr class="failedeven"><td><a href="#m1">runScenario</a></td></tr><tr><th colspan="4">Test &#8212; passed</th></tr><tr class="passedeven"><td rowspan="2">com.orangeHRM.runner.RunCucumberTest</td><td><a href="#m2">runScenario</a></td><td rowspan="2">1705681141211</td><td rowspan="2">121040</td></tr><tr class="passedeven"><td><a href="#m3">runScenario</a></td></tr></tbody>
</table>
<h2>Test</h2><h3 id="m0">com.orangeHRM.runner.RunCucumberTest#runScenario</h3><table class="result"><tr class="param"><th>Parameter #1</th><th>Parameter #2</th></tr><tr class="param stripe"><td>&quot;124578|Test dashboard widget&quot;</td><td>&quot;Test me&quot;</td></tr><tr><th colspan="2">Exception</th></tr><tr><td colspan="2"><div class="stacktrace">org.openqa.selenium.ElementClickInterceptedException: element click intercepted: Element &lt;p class=&quot;oxd-text oxd-text--p&quot; data-v-7b563373=&quot;&quot; data-v-267ef1b2=&quot;&quot;&gt;...&lt;/p&gt; is not clickable at point (871, 8). Other element would receive the click: &lt;div class=&quot;oxd-topbar-header-title&quot; data-v-f0c5131f=&quot;&quot;&gt;...&lt;/div&gt;
  (Session info: chrome=120.0.6099.131)
Build info: version: &apos;4.12.0&apos;, revision: &apos;249f2a7d1b*&apos;
System info: os.name: &apos;Windows 10&apos;, os.arch: &apos;amd64&apos;, os.version: &apos;10.0&apos;, java.version: &apos;11.0.16.1&apos;
Driver info: org.openqa.selenium.chrome.ChromeDriver
Command: [e5d63fbec5a0440d3231d9fc46e4232a, clickElement {id=E917198AEDBF3972BB8F26678F3EAD87_element_36}]
Capabilities {acceptInsecureCerts: false, browserName: chrome, browserVersion: 120.0.6099.131, chrome: {chromedriverVersion: 120.0.6099.109 (3419140ab66..., userDataDir: C:\Users\ADMIN\AppData\Loca...}, fedcm:accounts: true, goog:chromeOptions: {debuggerAddress: localhost:55946}, networkConnectionEnabled: false, pageLoadStrategy: normal, platformName: windows, proxy: Proxy(), se:cdp: ws://localhost:55946/devtoo..., se:cdpVersion: 120.0.6099.131, setWindowRect: true, strictFileInteractability: false, timeouts: {implicit: 0, pageLoad: 300000, script: 30000}, unhandledPromptBehavior: dismiss and notify, webauthn:extension:credBlob: true, webauthn:extension:largeBlob: true, webauthn:extension:minPinLength: true, webauthn:extension:prf: true, webauthn:virtualAuthenticators: true}
Element: [[[[ChromeDriver: chrome on windows (e5d63fbec5a0440d3231d9fc46e4232a)] -&gt; xpath: //*[normalize-space()=&apos;My Actions&apos;]/ancestor::div[@class=&apos;oxd-grid-item oxd-grid-item--gutters orangehrm-dashboard-widget&apos;]//div[@class=&apos;oxd-sheet oxd-sheet--rounded oxd-sheet--white orangehrm-dashboard-widget&apos;]]] -&gt; xpath: .//p]
Session ID: e5d63fbec5a0440d3231d9fc46e4232a
	at org.openqa.selenium.remote.codec.w3c.W3CHttpResponseCodec.createException(W3CHttpResponseCodec.java:200)
	at org.openqa.selenium.remote.codec.w3c.W3CHttpResponseCodec.decode(W3CHttpResponseCodec.java:133)
	at org.openqa.selenium.remote.codec.w3c.W3CHttpResponseCodec.decode(W3CHttpResponseCodec.java:52)
	at org.openqa.selenium.remote.HttpCommandExecutor.execute(HttpCommandExecutor.java:191)
	at org.openqa.selenium.remote.service.DriverCommandExecutor.invokeExecute(DriverCommandExecutor.java:196)
	at org.openqa.selenium.remote.service.DriverCommandExecutor.execute(DriverCommandExecutor.java:171)
	at org.openqa.selenium.remote.RemoteWebDriver.execute(RemoteWebDriver.java:602)
	at org.openqa.selenium.remote.RemoteWebElement.execute(RemoteWebElement.java:224)
	at org.openqa.selenium.remote.RemoteWebElement.click(RemoteWebElement.java:77)
	at com.orangeHRM.stepdefs.HomeOfficeSteps.user_selects_link_with_index_in_dashboard_widget(HomeOfficeSteps.java:29)
	at ✽.user selects link with index &quot;1&quot; in dashboard widget &quot;DashboardPage.widgetMyActions&quot;(file:///G:/Cucumber_Framework/OrangeHRMProject/src/test/resources/FA_Regression_Suite/OrangeHRM/FA_Dashboard/Test.feature:46)
... Removed 4 stack frames</div></td></tr></table><p class="totop"><a href="#summary">back to summary</a></p>
<h3 id="m1">com.orangeHRM.runner.RunCucumberTest#runScenario</h3><table class="result"><tr class="param"><th>Parameter #1</th><th>Parameter #2</th></tr><tr class="param stripe"><td>&quot;124578789456|Test table methods&quot;</td><td>&quot;Test me&quot;</td></tr><tr><th colspan="2">Exception</th></tr><tr><td colspan="2"><div class="stacktrace">org.openqa.selenium.ElementClickInterceptedException: element click intercepted: Element &lt;button type=&quot;button&quot; class=&quot;oxd-button oxd-button--medium oxd-button--text oxd-table-cell-action-space&quot; data-v-10d463b7=&quot;&quot; data-v-c423d1fa=&quot;&quot;&gt;...&lt;/button&gt; is not clickable at point (1290, 113). Other element would receive the click: &lt;div class=&quot;oxd-topbar-body&quot; data-v-f0c5131f=&quot;&quot;&gt;...&lt;/div&gt;
  (Session info: chrome=120.0.6099.131)
Build info: version: &apos;4.12.0&apos;, revision: &apos;249f2a7d1b*&apos;
System info: os.name: &apos;Windows 10&apos;, os.arch: &apos;amd64&apos;, os.version: &apos;10.0&apos;, java.version: &apos;11.0.16.1&apos;
Driver info: org.openqa.selenium.chrome.ChromeDriver
Command: [9afd39d3fb2e7aaef18171ee55be984b, clickElement {id=3BF15DB3C1E1A48E7EEB23E0449109CE_element_112}]
Capabilities {acceptInsecureCerts: false, browserName: chrome, browserVersion: 120.0.6099.131, chrome: {chromedriverVersion: 120.0.6099.109 (3419140ab66..., userDataDir: C:\Users\ADMIN\AppData\Loca...}, fedcm:accounts: true, goog:chromeOptions: {debuggerAddress: localhost:56055}, networkConnectionEnabled: false, pageLoadStrategy: normal, platformName: windows, proxy: Proxy(), se:cdp: ws://localhost:56055/devtoo..., se:cdpVersion: 120.0.6099.131, setWindowRect: true, strictFileInteractability: false, timeouts: {implicit: 0, pageLoad: 300000, script: 30000}, unhandledPromptBehavior: dismiss and notify, webauthn:extension:credBlob: true, webauthn:extension:largeBlob: true, webauthn:extension:minPinLength: true, webauthn:extension:prf: true, webauthn:virtualAuthenticators: true}
Element: [[[[ChromeDriver: chrome on windows (9afd39d3fb2e7aaef18171ee55be984b)] -&gt; xpath: //div[@role=&apos;table&apos;]]] -&gt; xpath: //div[text()=&apos;Charlie  Carter&apos;]//parent::div//parent::div[@role=&apos;row&apos;]//div//button]
Session ID: 9afd39d3fb2e7aaef18171ee55be984b
	at org.openqa.selenium.remote.codec.w3c.W3CHttpResponseCodec.createException(W3CHttpResponseCodec.java:200)
	at org.openqa.selenium.remote.codec.w3c.W3CHttpResponseCodec.decode(W3CHttpResponseCodec.java:133)
	at org.openqa.selenium.remote.codec.w3c.W3CHttpResponseCodec.decode(W3CHttpResponseCodec.java:52)
	at org.openqa.selenium.remote.HttpCommandExecutor.execute(HttpCommandExecutor.java:191)
	at org.openqa.selenium.remote.service.DriverCommandExecutor.invokeExecute(DriverCommandExecutor.java:196)
	at org.openqa.selenium.remote.service.DriverCommandExecutor.execute(DriverCommandExecutor.java:171)
	at org.openqa.selenium.remote.RemoteWebDriver.execute(RemoteWebDriver.java:602)
	at org.openqa.selenium.remote.RemoteWebElement.execute(RemoteWebElement.java:224)
	at org.openqa.selenium.remote.RemoteWebElement.click(RemoteWebElement.java:77)
	at com.orangeHRM.stepdefs.OrangeTableSteps.user_clicks_on_link_coresponding_to_text_in_table(OrangeTableSteps.java:109)
	at ✽.user clicks on link &quot; View &quot; corresponding to text &quot;Charlie  Carter&quot; in table &quot;TimePage.tableTimesheetsPendingAction&quot;(file:///G:/Cucumber_Framework/OrangeHRMProject/src/test/resources/FA_Regression_Suite/OrangeHRM/FA_Dashboard/Test.feature:64)
... Removed 4 stack frames</div></td></tr></table><p class="totop"><a href="#summary">back to summary</a></p>
<h3 id="m2">com.orangeHRM.runner.RunCucumberTest#runScenario</h3><table class="result"><tr class="param"><th>Parameter #1</th><th>Parameter #2</th></tr><tr class="param stripe"><td>&quot;123456|Test&quot;</td><td>&quot;Test me&quot;</td></tr></table><p class="totop"><a href="#summary">back to summary</a></p>
<h3 id="m3">com.orangeHRM.runner.RunCucumberTest#runScenario</h3><table class="result"><tr class="param"><th>Parameter #1</th><th>Parameter #2</th></tr><tr class="param stripe"><td>&quot;125689|Test report steps&quot;</td><td>&quot;Test me&quot;</td></tr></table><p class="totop"><a href="#summary">back to summary</a></p>
</body>
</html>
